2024.10.16 08:38 B C:\xampp\htdocs\E-dino-web\assets\images\class.svg --> ftp.e-dino.mx /public_html/assets/images class.svg
2024.10.16 08:38 B C:\xampp\htdocs\E-dino-web\assets\images\class_wallper.svg --> ftp.e-dino.mx /public_html/assets/images class_wallper.svg
2024.10.16 08:38 B C:\xampp\htdocs\E-dino-web\assets\images\da1.svg --> ftp.e-dino.mx /public_html/assets/images da1.svg
2024.10.16 08:38 B C:\xampp\htdocs\E-dino-web\assets\images\da2.svg --> ftp.e-dino.mx /public_html/assets/images da2.svg
2024.10.16 08:38 B C:\xampp\htdocs\E-dino-web\assets\images\da3.svg --> ftp.e-dino.mx /public_html/assets/images da3.svg
2024.10.16 08:38 B C:\xampp\htdocs\E-dino-web\assets\images\da4.svg --> ftp.e-dino.mx /public_html/assets/images da4.svg
2024.10.16 08:38 B C:\xampp\htdocs\E-dino-web\assets\images\dashboard_wallper.svg --> ftp.e-dino.mx /public_html/assets/images dashboard_wallper.svg
2024.10.16 08:38 B C:\xampp\htdocs\E-dino-web\assets\images\img1.png --> ftp.e-dino.mx /public_html/assets/images img1.png
2024.10.16 08:38 B C:\xampp\htdocs\E-dino-web\assets\images\img1.svg --> ftp.e-dino.mx /public_html/assets/images img1.svg
2024.10.16 08:38 B C:\xampp\htdocs\E-dino-web\assets\images\img2.svg --> ftp.e-dino.mx /public_html/assets/images img2.svg
2024.10.16 08:38 B C:\xampp\htdocs\E-dino-web\assets\images\logo.ico --> ftp.e-dino.mx /public_html/assets/images logo.ico
2024.10.16 08:38 B C:\xampp\htdocs\E-dino-web\assets\images\wallper-purple.svg --> ftp.e-dino.mx /public_html/assets/images wallper-purple.svg
2024.10.16 08:38 B C:\xampp\htdocs\E-dino-web\assets\images\wallper-view-material.svg --> ftp.e-dino.mx /public_html/assets/images wallper-view-material.svg
2024.10.16 08:38 B C:\xampp\htdocs\E-dino-web\assets\images\wallper-view_material.svg --> ftp.e-dino.mx /public_html/assets/images wallper-view_material.svg
2024.10.16 08:38 B C:\xampp\htdocs\E-dino-web\assets\images\wallper_index.svg --> ftp.e-dino.mx /public_html/assets/images wallper_index.svg
2024.10.16 08:38 B C:\xampp\htdocs\E-dino-web\assets\images\wallper_index_2.svg --> ftp.e-dino.mx /public_html/assets/images wallper_index_2.svg
2024.10.16 08:39 B C:\xampp\htdocs\E-dino-web\assets\images\walpper-green.svg --> ftp.e-dino.mx /public_html/assets/images walpper-green.svg
2024.10.16 09:04 B C:\Users\ALUMNO\Downloads\xxx\assets\images\class.svg --> ftp.e-dino.mx /public_html/assets/images class.svg
2024.10.16 09:04 B C:\Users\ALUMNO\Downloads\xxx\assets\images\class_wallper.svg --> ftp.e-dino.mx /public_html/assets/images class_wallper.svg
2024.10.16 09:04 B C:\Users\ALUMNO\Downloads\xxx\assets\images\da1.svg --> ftp.e-dino.mx /public_html/assets/images da1.svg
2024.10.16 09:04 B C:\Users\ALUMNO\Downloads\xxx\assets\images\da2.svg --> ftp.e-dino.mx /public_html/assets/images da2.svg
2024.10.16 09:04 B C:\Users\ALUMNO\Downloads\xxx\assets\images\da3.svg --> ftp.e-dino.mx /public_html/assets/images da3.svg
2024.10.16 09:04 B C:\Users\ALUMNO\Downloads\xxx\assets\images\da4.svg --> ftp.e-dino.mx /public_html/assets/images da4.svg
2024.10.16 09:04 B C:\Users\ALUMNO\Downloads\xxx\assets\images\dashboard_wallper.svg --> ftp.e-dino.mx /public_html/assets/images dashboard_wallper.svg
2024.10.16 09:04 B C:\Users\ALUMNO\Downloads\xxx\assets\images\img1.png --> ftp.e-dino.mx /public_html/assets/images img1.png
2024.10.16 09:04 B C:\Users\ALUMNO\Downloads\xxx\assets\images\img1.svg --> ftp.e-dino.mx /public_html/assets/images img1.svg
2024.10.16 09:04 B C:\Users\ALUMNO\Downloads\xxx\assets\images\img2.svg --> ftp.e-dino.mx /public_html/assets/images img2.svg
2024.10.16 09:04 B C:\Users\ALUMNO\Downloads\xxx\assets\images\logo.ico --> ftp.e-dino.mx /public_html/assets/images logo.ico
2024.10.16 09:04 B C:\Users\ALUMNO\Downloads\xxx\assets\images\wallper-purple.svg --> ftp.e-dino.mx /public_html/assets/images wallper-purple.svg
2024.10.16 09:04 B C:\Users\ALUMNO\Downloads\xxx\assets\images\wallper-view-material.svg --> ftp.e-dino.mx /public_html/assets/images wallper-view-material.svg
2024.10.16 09:04 B C:\Users\ALUMNO\Downloads\xxx\assets\images\wallper-view_material.svg --> ftp.e-dino.mx /public_html/assets/images wallper-view_material.svg
2024.10.16 09:04 B C:\Users\ALUMNO\Downloads\xxx\assets\images\wallper_index.svg --> ftp.e-dino.mx /public_html/assets/images wallper_index.svg
2024.10.16 09:04 B C:\Users\ALUMNO\Downloads\xxx\assets\images\wallper_index_2.svg --> ftp.e-dino.mx /public_html/assets/images wallper_index_2.svg
2024.10.16 09:04 B C:\Users\ALUMNO\Downloads\xxx\assets\images\walpper-green.svg --> ftp.e-dino.mx /public_html/assets/images walpper-green.svg
